<?xml version="1.0" encoding="UTF-8"?>
<testng-results skipped="0" failed="0" ignored="0" total="1" passed="1">
  <reporter-output>
  </reporter-output>
  <suite name="Default suite" duration-ms="32860" started-at="2018-01-28T04:44:04Z" finished-at="2018-01-28T04:44:37Z">
    <groups>
    </groups>
    <test name="Default test" duration-ms="32860" started-at="2018-01-28T04:44:04Z" finished-at="2018-01-28T04:44:37Z">
      <class name="Testcases.TC04_SearchProduct">
        <test-method status="PASS" signature="OpenURL()[pri:0, instance:Testcases.TC04_SearchProduct@7d9d1a19]" name="OpenURL" is-config="true" duration-ms="29225" started-at="2018-01-27T20:44:04Z" finished-at="2018-01-27T20:44:33Z">
          <reporter-output>
          </reporter-output>
        </test-method> <!-- OpenURL -->
        <test-method status="PASS" signature="searchAProduct()[pri:0, instance:Testcases.TC04_SearchProduct@7d9d1a19]" name="searchAProduct" duration-ms="3600" started-at="2018-01-27T20:44:33Z" finished-at="2018-01-27T20:44:37Z">
          <reporter-output>
          </reporter-output>
        </test-method> <!-- searchAProduct -->
        <test-method status="PASS" signature="closeBrowser()[pri:0, instance:Testcases.TC04_SearchProduct@7d9d1a19]" name="closeBrowser" is-config="true" duration-ms="1" started-at="2018-01-27T20:44:37Z" finished-at="2018-01-27T20:44:37Z">
          <reporter-output>
          </reporter-output>
        </test-method> <!-- closeBrowser -->
      </class> <!-- Testcases.TC04_SearchProduct -->
    </test> <!-- Default test -->
  </suite> <!-- Default suite -->
</testng-results>
