<?xml version="1.0" encoding="UTF-8"?>
<testng-results skipped="0" failed="0" ignored="0" total="1" passed="1">
  <reporter-output>
  </reporter-output>
  <suite name="Default suite" duration-ms="35560" started-at="2018-01-27T08:46:05Z" finished-at="2018-01-27T08:46:41Z">
    <groups>
    </groups>
    <test name="Default test" duration-ms="35560" started-at="2018-01-27T08:46:05Z" finished-at="2018-01-27T08:46:41Z">
      <class name="Testcases.TC01_TestLogin">
        <test-method status="PASS" signature="OpenURL()[pri:0, instance:Testcases.TC01_TestLogin@7d9d1a19]" name="OpenURL" is-config="true" duration-ms="30656" started-at="2018-01-27T00:46:05Z" finished-at="2018-01-27T00:46:36Z">
          <reporter-output>
          </reporter-output>
        </test-method> <!-- OpenURL -->
        <test-method status="PASS" signature="loginToAccount()[pri:0, instance:Testcases.TC01_TestLogin@7d9d1a19]" name="loginToAccount" duration-ms="3985" started-at="2018-01-27T00:46:36Z" finished-at="2018-01-27T00:46:40Z">
          <reporter-output>
          </reporter-output>
        </test-method> <!-- loginToAccount -->
        <test-method status="PASS" signature="closeBrowser()[pri:0, instance:Testcases.TC01_TestLogin@7d9d1a19]" name="closeBrowser" is-config="true" duration-ms="895" started-at="2018-01-27T00:46:40Z" finished-at="2018-01-27T00:46:41Z">
          <reporter-output>
          </reporter-output>
        </test-method> <!-- closeBrowser -->
      </class> <!-- Testcases.TC01_TestLogin -->
    </test> <!-- Default test -->
  </suite> <!-- Default suite -->
</testng-results>
